<?xml version="1.0" encoding="UTF-8"?>
<!-- Generated by org.testng.reporters.JUnitXMLReporter -->
<testsuite ignored="1" hostname="Alikhans-MacBook-Pro.local" failures="1" tests="1" name="TestNGProject" time="0.046" errors="0" timestamp="2023-05-14T21:09:25 GMT-04:00">
  <testcase classname="com.automation.testcases.SoftAssertHardAssert" name="testHardAssert" time="0.008">
    <failure type="java.lang.AssertionError" message="expected [Chirag] but found [Chriag]">
      <![CDATA[java.lang.AssertionError: expected [Chirag] but found [Chriag]
at com.automation.testcases.SoftAssertHardAssert.testHardAssert(SoftAssertHardAssert.java:24)
at java.base/java.util.ArrayList.forEach(ArrayList.java:1511)
at com.intellij.rt.testng.IDEARemoteTestNG.run(IDEARemoteTestNG.java:66)
at com.intellij.rt.testng.RemoteTestNGStarter.main(RemoteTestNGStarter.java:109)
... Removed 28 stack frames]]>
    </failure>
  </testcase> <!-- testHardAssert -->
  <testcase classname="com.automation.testcases.SoftAssertHardAssert" name="testSoftAssert" time="0.0">
    <ignored/>
  </testcase> <!-- testSoftAssert -->
</testsuite> <!-- TestNGProject -->
