<?xml version="1.0" encoding="UTF-8"?>
<!-- Generated by org.testng.reporters.JUnitXMLReporter -->
<testsuite ignored="0" hostname="Alikhans-MacBook-Pro.local" failures="0" tests="3" name="LoginTest" time="11.234" errors="0" timestamp="2023-05-10T19:46:43 GMT-04:00">
  <testcase classname="com.automation.testcases.LoginTest" name="verifyUserCanResetPassword" time="0.002"/>
  <testcase classname="com.automation.testcases.LoginTest" name="verifyUserCanLogin" time="0.002"/>
  <testcase classname="com.automation.testcases.LoginTest" name="verifyUserCannotLoginWithInvalidCredentials" time="0.001"/>
</testsuite> <!-- LoginTest -->
